Determining if the Fortran sgemm exists failed with the following output:
Change Dir: /ihome/kjordan/vkv3/pisces/latest/pisces/build/CMakeFiles/CMakeTmp

Run Build Command:"/usr/bin/gmake" "cmTC_0ecb6/fast"
gmake: Warning: File `Makefile' has modification time 0.23 s in the future
/usr/bin/gmake -f CMakeFiles/cmTC_0ecb6.dir/build.make CMakeFiles/cmTC_0ecb6.dir/build
gmake[1]: Entering directory `/ihome/kjordan/vkv3/pisces/latest/pisces/build/CMakeFiles/CMakeTmp'
gmake[1]: Warning: File `CMakeFiles/cmTC_0ecb6.dir/flags.make' has modification time 0.22 s in the future
Building Fortran object CMakeFiles/cmTC_0ecb6.dir/testFortranCompiler.f.o
/opt/sam/intel/Compiler/11.1/072/bin/intel64/ifort    -c /ihome/kjordan/vkv3/pisces/latest/pisces/build/CMakeFiles/CMakeTmp/testFortranCompiler.f -o CMakeFiles/cmTC_0ecb6.dir/testFortranCompiler.f.o
Linking Fortran executable cmTC_0ecb6
/data/sam/cmake/3.3.0/bin/cmake -E cmake_link_script CMakeFiles/cmTC_0ecb6.dir/link.txt --verbose=1
/opt/sam/intel/Compiler/11.1/072/bin/intel64/ifort       CMakeFiles/cmTC_0ecb6.dir/testFortranCompiler.f.o  -o cmTC_0ecb6  /usr/local/lib/libblas.a 
/usr/local/lib/libblas.a(xerbla.f.o): In function `xerbla_':
xerbla.f:(.text+0x59): undefined reference to `_gfortran_st_write'
xerbla.f:(.text+0x64): undefined reference to `_gfortran_string_len_trim'
xerbla.f:(.text+0x76): undefined reference to `_gfortran_transfer_character'
xerbla.f:(.text+0x86): undefined reference to `_gfortran_transfer_integer'
xerbla.f:(.text+0x8e): undefined reference to `_gfortran_st_write_done'
xerbla.f:(.text+0x98): undefined reference to `_gfortran_stop_numeric'
gmake[1]: *** [cmTC_0ecb6] Error 1
gmake[1]: Leaving directory `/ihome/kjordan/vkv3/pisces/latest/pisces/build/CMakeFiles/CMakeTmp'
gmake: *** [cmTC_0ecb6/fast] Error 2


Determining if the pthread_create exist failed with the following output:
Change Dir: /ihome/kjordan/vkv3/pisces/latest/pisces/build/CMakeFiles/CMakeTmp

Run Build Command:"/usr/bin/gmake" "cmTC_3e297/fast"
gmake: Warning: File `Makefile' has modification time 0.23 s in the future
/usr/bin/gmake -f CMakeFiles/cmTC_3e297.dir/build.make CMakeFiles/cmTC_3e297.dir/build
gmake[1]: Entering directory `/ihome/kjordan/vkv3/pisces/latest/pisces/build/CMakeFiles/CMakeTmp'
gmake[1]: Warning: File `CMakeFiles/cmTC_3e297.dir/flags.make' has modification time 0.22 s in the future
Building C object CMakeFiles/cmTC_3e297.dir/CheckSymbolExists.c.o
/opt/sam/intel/Compiler/11.1/072/bin/intel64/icc    -o CMakeFiles/cmTC_3e297.dir/CheckSymbolExists.c.o   -c /ihome/kjordan/vkv3/pisces/latest/pisces/build/CMakeFiles/CMakeTmp/CheckSymbolExists.c
Linking C executable cmTC_3e297
/data/sam/cmake/3.3.0/bin/cmake -E cmake_link_script CMakeFiles/cmTC_3e297.dir/link.txt --verbose=1
/opt/sam/intel/Compiler/11.1/072/bin/intel64/icc       CMakeFiles/cmTC_3e297.dir/CheckSymbolExists.c.o  -o cmTC_3e297 -rdynamic 
CMakeFiles/cmTC_3e297.dir/CheckSymbolExists.c.o: In function `main':
/ihome/kjordan/vkv3/pisces/latest/pisces/build/CMakeFiles/CMakeTmp/CheckSymbolExists.c:(.text+0x2c): undefined reference to `pthread_create'
gmake[1]: *** [cmTC_3e297] Error 1
gmake[1]: Leaving directory `/ihome/kjordan/vkv3/pisces/latest/pisces/build/CMakeFiles/CMakeTmp'
gmake: *** [cmTC_3e297/fast] Error 2

File /ihome/kjordan/vkv3/pisces/latest/pisces/build/CMakeFiles/CMakeTmp/CheckSymbolExists.c:
/* */
#include <pthread.h>

int main(int argc, char** argv)
{
  (void)argv;
#ifndef pthread_create
  return ((int*)(&pthread_create))[argc];
#else
  (void)argc;
  return 0;
#endif
}

Determining if the function pthread_create exists in the pthreads failed with the following output:
Change Dir: /ihome/kjordan/vkv3/pisces/latest/pisces/build/CMakeFiles/CMakeTmp

Run Build Command:"/usr/bin/gmake" "cmTC_39c3a/fast"
gmake: Warning: File `Makefile' has modification time 0.23 s in the future
/usr/bin/gmake -f CMakeFiles/cmTC_39c3a.dir/build.make CMakeFiles/cmTC_39c3a.dir/build
gmake[1]: Entering directory `/ihome/kjordan/vkv3/pisces/latest/pisces/build/CMakeFiles/CMakeTmp'
gmake[1]: Warning: File `CMakeFiles/cmTC_39c3a.dir/flags.make' has modification time 0.22 s in the future
Building C object CMakeFiles/cmTC_39c3a.dir/CheckFunctionExists.c.o
/opt/sam/intel/Compiler/11.1/072/bin/intel64/icc   -DCHECK_FUNCTION_EXISTS=pthread_create   -o CMakeFiles/cmTC_39c3a.dir/CheckFunctionExists.c.o   -c /data/sam/cmake/3.3.0/share/cmake-3.3/Modules/CheckFunctionExists.c
Linking C executable cmTC_39c3a
/data/sam/cmake/3.3.0/bin/cmake -E cmake_link_script CMakeFiles/cmTC_39c3a.dir/link.txt --verbose=1
/opt/sam/intel/Compiler/11.1/072/bin/intel64/icc   -DCHECK_FUNCTION_EXISTS=pthread_create    CMakeFiles/cmTC_39c3a.dir/CheckFunctionExists.c.o  -o cmTC_39c3a -rdynamic -lpthreads 
ld: cannot find -lpthreads
gmake[1]: *** [cmTC_39c3a] Error 1
gmake[1]: Leaving directory `/ihome/kjordan/vkv3/pisces/latest/pisces/build/CMakeFiles/CMakeTmp'
gmake: *** [cmTC_39c3a/fast] Error 2


Determining if the Fortran cheev exists failed with the following output:
Change Dir: /ihome/kjordan/vkv3/pisces/latest/pisces/build/CMakeFiles/CMakeTmp

Run Build Command:"/usr/bin/gmake" "cmTC_ef610/fast"
gmake: Warning: File `Makefile' has modification time 0.23 s in the future
/usr/bin/gmake -f CMakeFiles/cmTC_ef610.dir/build.make CMakeFiles/cmTC_ef610.dir/build
gmake[1]: Entering directory `/ihome/kjordan/vkv3/pisces/latest/pisces/build/CMakeFiles/CMakeTmp'
gmake[1]: Warning: File `CMakeFiles/cmTC_ef610.dir/flags.make' has modification time 0.22 s in the future
Building Fortran object CMakeFiles/cmTC_ef610.dir/testFortranCompiler.f.o
/opt/sam/intel/Compiler/11.1/072/bin/intel64/ifort    -c /ihome/kjordan/vkv3/pisces/latest/pisces/build/CMakeFiles/CMakeTmp/testFortranCompiler.f -o CMakeFiles/cmTC_ef610.dir/testFortranCompiler.f.o
Linking Fortran executable cmTC_ef610
/data/sam/cmake/3.3.0/bin/cmake -E cmake_link_script CMakeFiles/cmTC_ef610.dir/link.txt --verbose=1
/opt/sam/intel/Compiler/11.1/072/bin/intel64/ifort       CMakeFiles/cmTC_ef610.dir/testFortranCompiler.f.o  -o cmTC_ef610  -L/opt/sam/intel/Compiler/11.1/072/mkl/lib/em64t  /usr/local/lib/liblapack.a -lmkl_intel_lp64 -lmkl_intel_thread -lmkl_core /opt/sam/intel/Compiler/11.1/072/lib/intel64/libguide.so -Wl,-rpath,/opt/sam/intel/Compiler/11.1/072/mkl/lib/em64t 
/usr/local/lib/liblapack.a(ilaenv.f.o): In function `ilaenv_':
ilaenv.f:(.text+0x1c2): undefined reference to `_gfortran_compare_string'
ilaenv.f:(.text+0x1eb): undefined reference to `_gfortran_compare_string'
ilaenv.f:(.text+0x20d): undefined reference to `_gfortran_compare_string'
ilaenv.f:(.text+0x22c): undefined reference to `_gfortran_compare_string'
ilaenv.f:(.text+0x24b): undefined reference to `_gfortran_compare_string'
/usr/local/lib/liblapack.a(ilaenv.f.o):ilaenv.f:(.text+0x26a): more undefined references to `_gfortran_compare_string' follow
/usr/local/lib/liblapack.a(xerbla.f.o): In function `xerbla_':
xerbla.f:(.text+0x59): undefined reference to `_gfortran_st_write'
xerbla.f:(.text+0x64): undefined reference to `_gfortran_string_len_trim'
xerbla.f:(.text+0x76): undefined reference to `_gfortran_transfer_character'
xerbla.f:(.text+0x86): undefined reference to `_gfortran_transfer_integer'
xerbla.f:(.text+0x8e): undefined reference to `_gfortran_st_write_done'
xerbla.f:(.text+0x98): undefined reference to `_gfortran_stop_numeric'
gmake[1]: *** [cmTC_ef610] Error 1
gmake[1]: Leaving directory `/ihome/kjordan/vkv3/pisces/latest/pisces/build/CMakeFiles/CMakeTmp'
gmake: *** [cmTC_ef610/fast] Error 2


Compiling the C compiler identification source file "CMakeCCompilerId.c" failed.
Compiler: /opt/sam/intel/Compiler/11.1/072/bin/intel64/icc 
Build flags: 
Id flags:  

The output was:
No such file or directory


Compiling the C compiler identification source file "CMakeCCompilerId.c" failed.
Compiler: /opt/sam/intel/Compiler/11.1/072/bin/intel64/icc 
Build flags: 
Id flags: -c 

The output was:
No such file or directory


Compiling the C compiler identification source file "CMakeCCompilerId.c" failed.
Compiler: /opt/sam/intel/Compiler/11.1/072/bin/intel64/icc 
Build flags: 
Id flags: -Aa 

The output was:
No such file or directory


Compiling the C compiler identification source file "CMakeCCompilerId.c" failed.
Compiler: /opt/sam/intel/Compiler/11.1/072/bin/intel64/icc 
Build flags: 
Id flags: -D__CLASSIC_C__ 

The output was:
No such file or directory


Compiling the C compiler identification source file "CMakeCCompilerId.c" failed.
Compiler: /opt/sam/intel/Compiler/11.1/072/bin/intel64/icc 
Build flags: 
Id flags:  

The output was:
No such file or directory


Compiling the C compiler identification source file "CMakeCCompilerId.c" failed.
Compiler: /opt/sam/intel/Compiler/11.1/072/bin/intel64/icc 
Build flags: 
Id flags: -c 

The output was:
No such file or directory


Compiling the C compiler identification source file "CMakeCCompilerId.c" failed.
Compiler: /opt/sam/intel/Compiler/11.1/072/bin/intel64/icc 
Build flags: 
Id flags: -Aa 

The output was:
No such file or directory


Compiling the C compiler identification source file "CMakeCCompilerId.c" failed.
Compiler: /opt/sam/intel/Compiler/11.1/072/bin/intel64/icc 
Build flags: 
Id flags: -D__CLASSIC_C__ 

The output was:
No such file or directory


Checking whether the C compiler is IAR using "" did not match "IAR .+ Compiler":
Checking whether the C compiler is IAR using "" did not match "IAR .+ Compiler":
Compiling the CXX compiler identification source file "CMakeCXXCompilerId.cpp" failed.
Compiler: /opt/sam/intel/Compiler/11.1/072/bin/intel64/icpc 
Build flags: 
Id flags:  

The output was:
No such file or directory


Compiling the CXX compiler identification source file "CMakeCXXCompilerId.cpp" failed.
Compiler: /opt/sam/intel/Compiler/11.1/072/bin/intel64/icpc 
Build flags: 
Id flags: -c 

The output was:
No such file or directory


Compiling the CXX compiler identification source file "CMakeCXXCompilerId.cpp" failed.
Compiler: /opt/sam/intel/Compiler/11.1/072/bin/intel64/icpc 
Build flags: 
Id flags: --c++ 

The output was:
No such file or directory


Compiling the CXX compiler identification source file "CMakeCXXCompilerId.cpp" failed.
Compiler: /opt/sam/intel/Compiler/11.1/072/bin/intel64/icpc 
Build flags: 
Id flags: --ec++ 

The output was:
No such file or directory


Compiling the CXX compiler identification source file "CMakeCXXCompilerId.cpp" failed.
Compiler: /opt/sam/intel/Compiler/11.1/072/bin/intel64/icpc 
Build flags: 
Id flags:  

The output was:
No such file or directory


Compiling the CXX compiler identification source file "CMakeCXXCompilerId.cpp" failed.
Compiler: /opt/sam/intel/Compiler/11.1/072/bin/intel64/icpc 
Build flags: 
Id flags: -c 

The output was:
No such file or directory


Compiling the CXX compiler identification source file "CMakeCXXCompilerId.cpp" failed.
Compiler: /opt/sam/intel/Compiler/11.1/072/bin/intel64/icpc 
Build flags: 
Id flags: --c++ 

The output was:
No such file or directory


Compiling the CXX compiler identification source file "CMakeCXXCompilerId.cpp" failed.
Compiler: /opt/sam/intel/Compiler/11.1/072/bin/intel64/icpc 
Build flags: 
Id flags: --ec++ 

The output was:
No such file or directory


Checking whether the CXX compiler is IAR using "" did not match "IAR .+ Compiler":
Checking whether the CXX compiler is IAR using "" did not match "IAR .+ Compiler":
Compiling the Fortran compiler identification source file "CMakeFortranCompilerId.F" failed.
Compiler: /opt/sam/intel/Compiler/11.1/072/bin/intel64/ifort 
Build flags: 
Id flags: -v 

The output was:
No such file or directory


Compiling the Fortran compiler identification source file "CMakeFortranCompilerId.F" failed.
Compiler: /opt/sam/intel/Compiler/11.1/072/bin/intel64/ifort 
Build flags: 
Id flags:  

The output was:
No such file or directory


Compiling the Fortran compiler identification source file "CMakeFortranCompilerId.F" failed.
Compiler: /opt/sam/intel/Compiler/11.1/072/bin/intel64/ifort 
Build flags: 
Id flags: -c 

The output was:
No such file or directory


Compiling the Fortran compiler identification source file "CMakeFortranCompilerId.F" failed.
Compiler: /opt/sam/intel/Compiler/11.1/072/bin/intel64/ifort 
Build flags: 
Id flags: -fpp 

The output was:
No such file or directory


Compiling the Fortran compiler identification source file "CMakeFortranCompilerId.F" failed.
Compiler: /opt/sam/intel/Compiler/11.1/072/bin/intel64/ifort 
Build flags: 
Id flags: -v 

The output was:
No such file or directory


Compiling the Fortran compiler identification source file "CMakeFortranCompilerId.F" failed.
Compiler: /opt/sam/intel/Compiler/11.1/072/bin/intel64/ifort 
Build flags: 
Id flags:  

The output was:
No such file or directory


Compiling the Fortran compiler identification source file "CMakeFortranCompilerId.F" failed.
Compiler: /opt/sam/intel/Compiler/11.1/072/bin/intel64/ifort 
Build flags: 
Id flags: -c 

The output was:
No such file or directory


Compiling the Fortran compiler identification source file "CMakeFortranCompilerId.F" failed.
Compiler: /opt/sam/intel/Compiler/11.1/072/bin/intel64/ifort 
Build flags: 
Id flags: -fpp 

The output was:
No such file or directory


Checking whether the Fortran compiler is Compaq using "-what" did not match "Compaq Visual Fortran":
Checking whether the Fortran compiler is NAG using "-V" did not match "NAG Fortran Compiler":
Checking whether the Fortran compiler is Compaq using "-what" did not match "Compaq Visual Fortran":
Checking whether the Fortran compiler is NAG using "-V" did not match "NAG Fortran Compiler":
